Performing C SOURCE FILE Test check_c_compiler_flag_-march_merom failed with the following output:
Change Dir: /home/chi/Downloads/robogen-master/build/CMakeFiles/CMakeTmp

Run Build Command:/usr/bin/make "cmTryCompileExec2924308269/fast"
/usr/bin/make -f CMakeFiles/cmTryCompileExec2924308269.dir/build.make CMakeFiles/cmTryCompileExec2924308269.dir/build
make[1]: Entering directory `/home/chi/Downloads/robogen-master/build/CMakeFiles/CMakeTmp'
/usr/bin/cmake -E cmake_progress_report /home/chi/Downloads/robogen-master/build/CMakeFiles/CMakeTmp/CMakeFiles 1
Building C object CMakeFiles/cmTryCompileExec2924308269.dir/src.c.o
/usr/bin/cc   -Dcheck_c_compiler_flag_-march_merom   -march=merom -o CMakeFiles/cmTryCompileExec2924308269.dir/src.c.o   -c /home/chi/Downloads/robogen-master/build/CMakeFiles/CMakeTmp/src.c
/home/chi/Downloads/robogen-master/build/CMakeFiles/CMakeTmp/src.c:1:0: error: bad value (merom) for -march= switch
 int main(void) { return 0; }
 ^
make[1]: *** [CMakeFiles/cmTryCompileExec2924308269.dir/src.c.o] Error 1
make[1]: Leaving directory `/home/chi/Downloads/robogen-master/build/CMakeFiles/CMakeTmp'
make: *** [cmTryCompileExec2924308269/fast] Error 2

Source file was:
int main(void) { return 0; }
Performing C++ SOURCE FILE Test check_cxx_compiler_flag_-march_merom failed with the following output:
Change Dir: /home/chi/Downloads/robogen-master/build/CMakeFiles/CMakeTmp

Run Build Command:/usr/bin/make "cmTryCompileExec2280397659/fast"
/usr/bin/make -f CMakeFiles/cmTryCompileExec2280397659.dir/build.make CMakeFiles/cmTryCompileExec2280397659.dir/build
make[1]: Entering directory `/home/chi/Downloads/robogen-master/build/CMakeFiles/CMakeTmp'
/usr/bin/cmake -E cmake_progress_report /home/chi/Downloads/robogen-master/build/CMakeFiles/CMakeTmp/CMakeFiles 1
Building CXX object CMakeFiles/cmTryCompileExec2280397659.dir/src.cxx.o
/usr/bin/c++    -Dcheck_cxx_compiler_flag_-march_merom   -march=merom -o CMakeFiles/cmTryCompileExec2280397659.dir/src.cxx.o -c /home/chi/Downloads/robogen-master/build/CMakeFiles/CMakeTmp/src.cxx
/home/chi/Downloads/robogen-master/build/CMakeFiles/CMakeTmp/src.cxx:1:0: error: bad value (merom) for -march= switch
 int main() { return 0;}
 ^
make[1]: *** [CMakeFiles/cmTryCompileExec2280397659.dir/src.cxx.o] Error 1
make[1]: Leaving directory `/home/chi/Downloads/robogen-master/build/CMakeFiles/CMakeTmp'
make: *** [cmTryCompileExec2280397659/fast] Error 2

Source file was:
int main() { return 0;}
